Determining if the pthread_create exist failed with the following output:
Change Dir: /home/juliette/Programmation_compilation/openGl/pokeCraft/imac-minecraft/build/CMakeFiles/CMakeTmp

Run Build Command:/usr/bin/make "cmTryCompileExec2560746314/fast"
/usr/bin/make -f CMakeFiles/cmTryCompileExec2560746314.dir/build.make CMakeFiles/cmTryCompileExec2560746314.dir/build
make[1]: entrant dans le répertoire « /home/juliette/Programmation_compilation/openGl/pokeCraft/imac-minecraft/build/CMakeFiles/CMakeTmp »
/usr/bin/cmake -E cmake_progress_report /home/juliette/Programmation_compilation/openGl/pokeCraft/imac-minecraft/build/CMakeFiles/CMakeTmp/CMakeFiles 1
Building C object CMakeFiles/cmTryCompileExec2560746314.dir/CheckSymbolExists.c.o
/usr/bin/cc    -o CMakeFiles/cmTryCompileExec2560746314.dir/CheckSymbolExists.c.o   -c /home/juliette/Programmation_compilation/openGl/pokeCraft/imac-minecraft/build/CMakeFiles/CMakeTmp/CheckSymbolExists.c
Linking C executable cmTryCompileExec2560746314
/usr/bin/cmake -E cmake_link_script CMakeFiles/cmTryCompileExec2560746314.dir/link.txt --verbose=1
/usr/bin/cc       CMakeFiles/cmTryCompileExec2560746314.dir/CheckSymbolExists.c.o  -o cmTryCompileExec2560746314 -rdynamic 
CMakeFiles/cmTryCompileExec2560746314.dir/CheckSymbolExists.c.o: dans la fonction « main »:
CheckSymbolExists.c:(.text+0x16): référence indéfinie vers « pthread_create »
collect2: error: ld returned 1 exit status
make[1]: *** [cmTryCompileExec2560746314] Erreur 1
make[1]: quittant le répertoire « /home/juliette/Programmation_compilation/openGl/pokeCraft/imac-minecraft/build/CMakeFiles/CMakeTmp »
make: *** [cmTryCompileExec2560746314/fast] Erreur 2

File /home/juliette/Programmation_compilation/openGl/pokeCraft/imac-minecraft/build/CMakeFiles/CMakeTmp/CheckSymbolExists.c:
/* */
#include <pthread.h>

int main(int argc, char** argv)
{
  (void)argv;
#ifndef pthread_create
  return ((int*)(&pthread_create))[argc];
#else
  (void)argc;
  return 0;
#endif
}

Determining if the function pthread_create exists in the pthreads failed with the following output:
Change Dir: /home/juliette/Programmation_compilation/openGl/pokeCraft/imac-minecraft/build/CMakeFiles/CMakeTmp

Run Build Command:/usr/bin/make "cmTryCompileExec3374199852/fast"
/usr/bin/make -f CMakeFiles/cmTryCompileExec3374199852.dir/build.make CMakeFiles/cmTryCompileExec3374199852.dir/build
make[1]: entrant dans le répertoire « /home/juliette/Programmation_compilation/openGl/pokeCraft/imac-minecraft/build/CMakeFiles/CMakeTmp »
/usr/bin/cmake -E cmake_progress_report /home/juliette/Programmation_compilation/openGl/pokeCraft/imac-minecraft/build/CMakeFiles/CMakeTmp/CMakeFiles 1
Building C object CMakeFiles/cmTryCompileExec3374199852.dir/CheckFunctionExists.c.o
/usr/bin/cc   -DCHECK_FUNCTION_EXISTS=pthread_create   -o CMakeFiles/cmTryCompileExec3374199852.dir/CheckFunctionExists.c.o   -c /usr/share/cmake-2.8/Modules/CheckFunctionExists.c
Linking C executable cmTryCompileExec3374199852
/usr/bin/cmake -E cmake_link_script CMakeFiles/cmTryCompileExec3374199852.dir/link.txt --verbose=1
/usr/bin/cc   -DCHECK_FUNCTION_EXISTS=pthread_create    CMakeFiles/cmTryCompileExec3374199852.dir/CheckFunctionExists.c.o  -o cmTryCompileExec3374199852 -rdynamic -lpthreads 
/usr/bin/ld: ne peut trouver -lpthreads
collect2: error: ld returned 1 exit status
make[1]: *** [cmTryCompileExec3374199852] Erreur 1
make[1]: quittant le répertoire « /home/juliette/Programmation_compilation/openGl/pokeCraft/imac-minecraft/build/CMakeFiles/CMakeTmp »
make: *** [cmTryCompileExec3374199852/fast] Erreur 2


Determining if the pthread_create exist failed with the following output:
Change Dir: /home/alice/Documents/Pokecraft/imac-minecraft/build/CMakeFiles/CMakeTmp

Run Build Command:/usr/bin/make "cmTryCompileExec3108957146/fast"
/usr/bin/make -f CMakeFiles/cmTryCompileExec3108957146.dir/build.make CMakeFiles/cmTryCompileExec3108957146.dir/build
make[1]: entrant dans le répertoire « /home/alice/Documents/Pokecraft/imac-minecraft/build/CMakeFiles/CMakeTmp »
/usr/bin/cmake -E cmake_progress_report /home/alice/Documents/Pokecraft/imac-minecraft/build/CMakeFiles/CMakeTmp/CMakeFiles 1
Building C object CMakeFiles/cmTryCompileExec3108957146.dir/CheckSymbolExists.c.o
/usr/bin/cc    -o CMakeFiles/cmTryCompileExec3108957146.dir/CheckSymbolExists.c.o   -c /home/alice/Documents/Pokecraft/imac-minecraft/build/CMakeFiles/CMakeTmp/CheckSymbolExists.c
Linking C executable cmTryCompileExec3108957146
/usr/bin/cmake -E cmake_link_script CMakeFiles/cmTryCompileExec3108957146.dir/link.txt --verbose=1
/usr/bin/cc       CMakeFiles/cmTryCompileExec3108957146.dir/CheckSymbolExists.c.o  -o cmTryCompileExec3108957146 -rdynamic 
CMakeFiles/cmTryCompileExec3108957146.dir/CheckSymbolExists.c.o: dans la fonction « main »:
CheckSymbolExists.c:(.text+0x16): référence indéfinie vers « pthread_create »
collect2: error: ld returned 1 exit status
make[1]: *** [cmTryCompileExec3108957146] Erreur 1
make[1]: quittant le répertoire « /home/alice/Documents/Pokecraft/imac-minecraft/build/CMakeFiles/CMakeTmp »
make: *** [cmTryCompileExec3108957146/fast] Erreur 2

File /home/alice/Documents/Pokecraft/imac-minecraft/build/CMakeFiles/CMakeTmp/CheckSymbolExists.c:
/* */
#include <pthread.h>

int main(int argc, char** argv)
{
  (void)argv;
#ifndef pthread_create
  return ((int*)(&pthread_create))[argc];
#else
  (void)argc;
  return 0;
#endif
}

Determining if the function pthread_create exists in the pthreads failed with the following output:
Change Dir: /home/alice/Documents/Pokecraft/imac-minecraft/build/CMakeFiles/CMakeTmp

Run Build Command:/usr/bin/make "cmTryCompileExec3600067212/fast"
/usr/bin/make -f CMakeFiles/cmTryCompileExec3600067212.dir/build.make CMakeFiles/cmTryCompileExec3600067212.dir/build
make[1]: entrant dans le répertoire « /home/alice/Documents/Pokecraft/imac-minecraft/build/CMakeFiles/CMakeTmp »
/usr/bin/cmake -E cmake_progress_report /home/alice/Documents/Pokecraft/imac-minecraft/build/CMakeFiles/CMakeTmp/CMakeFiles 1
Building C object CMakeFiles/cmTryCompileExec3600067212.dir/CheckFunctionExists.c.o
/usr/bin/cc   -DCHECK_FUNCTION_EXISTS=pthread_create   -o CMakeFiles/cmTryCompileExec3600067212.dir/CheckFunctionExists.c.o   -c /usr/share/cmake-2.8/Modules/CheckFunctionExists.c
Linking C executable cmTryCompileExec3600067212
/usr/bin/cmake -E cmake_link_script CMakeFiles/cmTryCompileExec3600067212.dir/link.txt --verbose=1
/usr/bin/cc   -DCHECK_FUNCTION_EXISTS=pthread_create    CMakeFiles/cmTryCompileExec3600067212.dir/CheckFunctionExists.c.o  -o cmTryCompileExec3600067212 -rdynamic -lpthreads 
/usr/bin/ld: ne peut trouver -lpthreads
collect2: error: ld returned 1 exit status
make[1]: *** [cmTryCompileExec3600067212] Erreur 1
make[1]: quittant le répertoire « /home/alice/Documents/Pokecraft/imac-minecraft/build/CMakeFiles/CMakeTmp »
make: *** [cmTryCompileExec3600067212/fast] Erreur 2


